<?xml version="1.0" encoding="UTF-8"?>
<!-- Generated by org.testng.reporters.JUnitReportReporter -->
<testsuite skipped="0" hostname="DESKTOP-CKN6JF2" name="com.githubrestapi.com.githubrestapi.GitHubRepositorySearchTests" tests="3" failures="0" timestamp="12 Sep 2018 20:50:11 GMT" time="5.975" errors="0">
  <testcase name="verifyGitHubRepositorySearchAPIforUserMozilla" time="1.703" classname="com.githubrestapi.com.githubrestapi.GitHubRepositorySearchTests"/>
  <testcase name="verifyGitHubRepositorySearchAPIforPagination" time="2.237" classname="com.githubrestapi.com.githubrestapi.GitHubRepositorySearchTests"/>
  <testcase name="verifyGitHubRepositorySearchAPIforInvalidUser" time="2.035" classname="com.githubrestapi.com.githubrestapi.GitHubRepositorySearchTests"/>
</testsuite> <!-- com.githubrestapi.com.githubrestapi.GitHubRepositorySearchTests -->
